Determining if the pthread_create exist failed with the following output:
Change Dir: /home/student/watergun_2016/build/CMakeFiles/CMakeTmp

Run Build Command:/usr/bin/make "cmTryCompileExec2409216070/fast"
/usr/bin/make -f CMakeFiles/cmTryCompileExec2409216070.dir/build.make CMakeFiles/cmTryCompileExec2409216070.dir/build
make[1]: Entering directory `/home/student/watergun_2016/build/CMakeFiles/CMakeTmp'
/usr/bin/cmake -E cmake_progress_report /home/student/watergun_2016/build/CMakeFiles/CMakeTmp/CMakeFiles 1
Building C object CMakeFiles/cmTryCompileExec2409216070.dir/CheckSymbolExists.c.o
/usr/bin/cc    -o CMakeFiles/cmTryCompileExec2409216070.dir/CheckSymbolExists.c.o   -c /home/student/watergun_2016/build/CMakeFiles/CMakeTmp/CheckSymbolExists.c
Linking C executable cmTryCompileExec2409216070
/usr/bin/cmake -E cmake_link_script CMakeFiles/cmTryCompileExec2409216070.dir/link.txt --verbose=1
/usr/bin/cc       CMakeFiles/cmTryCompileExec2409216070.dir/CheckSymbolExists.c.o  -o cmTryCompileExec2409216070 -rdynamic 
CMakeFiles/cmTryCompileExec2409216070.dir/CheckSymbolExists.c.o: In function `main':
CheckSymbolExists.c:(.text+0x16): undefined reference to `pthread_create'
collect2: error: ld returned 1 exit status
make[1]: *** [cmTryCompileExec2409216070] Error 1
make[1]: Leaving directory `/home/student/watergun_2016/build/CMakeFiles/CMakeTmp'
make: *** [cmTryCompileExec2409216070/fast] Error 2

File /home/student/watergun_2016/build/CMakeFiles/CMakeTmp/CheckSymbolExists.c:
/* */
#include <pthread.h>

int main(int argc, char** argv)
{
  (void)argv;
#ifndef pthread_create
  return ((int*)(&pthread_create))[argc];
#else
  (void)argc;
  return 0;
#endif
}

Determining if the function pthread_create exists in the pthreads failed with the following output:
Change Dir: /home/student/watergun_2016/build/CMakeFiles/CMakeTmp

Run Build Command:/usr/bin/make "cmTryCompileExec4146528342/fast"
/usr/bin/make -f CMakeFiles/cmTryCompileExec4146528342.dir/build.make CMakeFiles/cmTryCompileExec4146528342.dir/build
make[1]: Entering directory `/home/student/watergun_2016/build/CMakeFiles/CMakeTmp'
/usr/bin/cmake -E cmake_progress_report /home/student/watergun_2016/build/CMakeFiles/CMakeTmp/CMakeFiles 1
Building C object CMakeFiles/cmTryCompileExec4146528342.dir/CheckFunctionExists.c.o
/usr/bin/cc   -DCHECK_FUNCTION_EXISTS=pthread_create   -o CMakeFiles/cmTryCompileExec4146528342.dir/CheckFunctionExists.c.o   -c /usr/share/cmake-2.8/Modules/CheckFunctionExists.c
Linking C executable cmTryCompileExec4146528342
/usr/bin/cmake -E cmake_link_script CMakeFiles/cmTryCompileExec4146528342.dir/link.txt --verbose=1
/usr/bin/cc   -DCHECK_FUNCTION_EXISTS=pthread_create    CMakeFiles/cmTryCompileExec4146528342.dir/CheckFunctionExists.c.o  -o cmTryCompileExec4146528342 -rdynamic -lpthreads 
/usr/bin/ld: cannot find -lpthreads
collect2: error: ld returned 1 exit status
make[1]: *** [cmTryCompileExec4146528342] Error 1
make[1]: Leaving directory `/home/student/watergun_2016/build/CMakeFiles/CMakeTmp'
make: *** [cmTryCompileExec4146528342/fast] Error 2


